[2018-04-22 23:20:28] request.INFO: Matched route "admin_module_catalog". {"route_parameters":{"_controller":"PrestaShopBundle\\Controller\\Admin\\ModuleController::catalogAction","_legacy_controller":"AdminModules","_route":"admin_module_catalog"},"request_uri":"http://localhost/jms_goden/admin594vuqml0/index.php/module/catalog?_token=qs1cH--NB3XTiyas3h5SNWdSZSXMzDxvl3LpAEePN_M"} []
[2018-04-22 23:20:28] security.INFO: Populated the TokenStorage with an anonymous Token. [] []
[2018-04-22 23:20:33] app.ERROR: Data from PrestaShop Addons is invalid, and cannot fallback on cache.  {"exception":"cURL error 28: Operation timed out after 5008 milliseconds with 0 bytes received"} []
[2018-04-22 23:20:34] security.DEBUG: Stored the security token in the session. {"key":"_security_main"} []
[2018-04-22 23:20:35] request.INFO: Matched route "admin_module_catalog_refresh". {"route_parameters":{"category":null,"keyword":null,"_controller":"PrestaShopBundle\\Controller\\Admin\\ModuleController::refreshCatalogAction","_legacy_controller":"AdminModules","_route":"admin_module_catalog_refresh"},"request_uri":"http://localhost/jms_goden/admin594vuqml0/index.php/module/catalog/refresh?_token=qs1cH--NB3XTiyas3h5SNWdSZSXMzDxvl3LpAEePN_M"} []
[2018-04-22 23:20:35] security.DEBUG: Read existing security token from the session. {"key":"_security_main"} []
[2018-04-22 23:20:36] security.DEBUG: User was reloaded from a user provider. {"username":"admin@admin.com","provider":"PrestaShopBundle\\Security\\Admin\\EmployeeProvider"} []
[2018-04-22 23:20:48] app.ERROR: Data from PrestaShop Addons is invalid, and cannot fallback on cache.  {"exception":"cURL error 28: Operation timed out after 5007 milliseconds with 0 bytes received"} []
[2018-04-22 23:20:49] security.DEBUG: Stored the security token in the session. {"key":"_security_main"} []
[2018-04-24 00:48:41] request.INFO: Matched route "admin_module_catalog". {"route_parameters":{"_controller":"PrestaShopBundle\\Controller\\Admin\\ModuleController::catalogAction","_legacy_controller":"AdminModules","_route":"admin_module_catalog"},"request_uri":"http://localhost/jms_goden/admin594vuqml0/index.php/module/catalog?_token=AYlsnJSjW7-D3MF3BzRyX-ZSMD9UcYkrqmpw9G2I9o4"} []
[2018-04-24 00:48:41] security.DEBUG: Read existing security token from the session. {"key":"_security_main"} []
[2018-04-24 00:48:41] security.DEBUG: User was reloaded from a user provider. {"username":"admin@admin.com","provider":"PrestaShopBundle\\Security\\Admin\\EmployeeProvider"} []
[2018-04-24 00:48:46] app.ERROR: Data from PrestaShop Addons is invalid, and cannot fallback on cache.  {"exception":"cURL error 28: Operation timed out after 5008 milliseconds with 99033 bytes received"} []
[2018-04-24 00:48:47] security.DEBUG: Stored the security token in the session. {"key":"_security_main"} []
[2018-04-24 00:48:48] request.INFO: Matched route "admin_module_catalog_refresh". {"route_parameters":{"category":null,"keyword":null,"_controller":"PrestaShopBundle\\Controller\\Admin\\ModuleController::refreshCatalogAction","_legacy_controller":"AdminModules","_route":"admin_module_catalog_refresh"},"request_uri":"http://localhost/jms_goden/admin594vuqml0/index.php/module/catalog/refresh?_token=AYlsnJSjW7-D3MF3BzRyX-ZSMD9UcYkrqmpw9G2I9o4"} []
[2018-04-24 00:48:49] security.DEBUG: Read existing security token from the session. {"key":"_security_main"} []
[2018-04-24 00:48:49] security.DEBUG: User was reloaded from a user provider. {"username":"admin@admin.com","provider":"PrestaShopBundle\\Security\\Admin\\EmployeeProvider"} []
[2018-04-24 00:48:54] app.ERROR: Data from PrestaShop Addons is invalid, and cannot fallback on cache.  {"exception":"cURL error 28: Operation timed out after 5007 milliseconds with 61921 bytes received"} []
[2018-04-24 00:48:56] security.DEBUG: Stored the security token in the session. {"key":"_security_main"} []
[2018-04-24 00:48:51] request.INFO: Matched route "admin_module_manage". {"route_parameters":{"category":null,"keyword":null,"_controller":"PrestaShopBundle\\Controller\\Admin\\ModuleController::manageAction","_legacy_controller":"AdminModules","_route":"admin_module_manage"},"request_uri":"http://localhost/jms_goden/admin594vuqml0/index.php/module/manage?_token=AYlsnJSjW7-D3MF3BzRyX-ZSMD9UcYkrqmpw9G2I9o4"} []
[2018-04-24 00:48:56] security.DEBUG: Read existing security token from the session. {"key":"_security_main"} []
[2018-04-24 00:48:56] security.DEBUG: User was reloaded from a user provider. {"username":"admin@admin.com","provider":"PrestaShopBundle\\Security\\Admin\\EmployeeProvider"} []
[2018-04-24 00:49:01] app.ERROR: Data from PrestaShop Addons is invalid, and cannot fallback on cache.  {"exception":"cURL error 28: Operation timed out after 5007 milliseconds with 32961 bytes received"} []
[2018-04-24 00:49:02] security.DEBUG: Stored the security token in the session. {"key":"_security_main"} []
[2018-04-24 00:49:11] request.INFO: Matched route "admin_module_configure_action". {"route_parameters":{"_controller":"PrestaShopBundle\\Controller\\Admin\\ModuleController::configureModuleAction","_legacy_controller":"AdminModules","module_name":"jmsslider","_route":"admin_module_configure_action"},"request_uri":"http://localhost/jms_goden/admin594vuqml0/index.php/module/manage/action/configure/jmsslider?_token=AYlsnJSjW7-D3MF3BzRyX-ZSMD9UcYkrqmpw9G2I9o4"} []
[2018-04-24 00:49:11] security.DEBUG: Read existing security token from the session. {"key":"_security_main"} []
[2018-04-24 00:49:11] security.DEBUG: User was reloaded from a user provider. {"username":"admin@admin.com","provider":"PrestaShopBundle\\Security\\Admin\\EmployeeProvider"} []
[2018-04-24 00:49:16] app.ERROR: Data from PrestaShop Addons is invalid, and cannot fallback on cache.  {"exception":"cURL error 28: Operation timed out after 5008 milliseconds with 100481 bytes received"} []
[2018-04-24 00:49:16] security.DEBUG: Stored the security token in the session. {"key":"_security_main"} []
[2018-05-16 23:28:35] request.INFO: Matched route "admin_product_form". {"route_parameters":{"_controller":"PrestaShopBundle\\Controller\\Admin\\ProductController::formAction","_legacy_controller":"AdminProducts","_legacy_param_mapper_class":"PrestaShop\\PrestaShop\\Adapter\\Product\\AdminProductDataProvider","_legacy_param_mapper_method":"mapLegacyParametersProductForm","id":"1","_route":"admin_product_form"},"request_uri":"http://localhost/jms_goden/admin594vuqml0/index.php/product/form/1?_token=dWBo_x1euJ5jDBIMJFPIEPDpw6f7rjb6kyilXcXowMg"} []
[2018-05-16 23:28:35] security.DEBUG: Read existing security token from the session. {"key":"_security_main"} []
[2018-05-16 23:28:35] security.DEBUG: User was reloaded from a user provider. {"username":"admin@admin.com","provider":"PrestaShopBundle\\Security\\Admin\\EmployeeProvider"} []
[2018-05-16 23:28:41] app.ERROR: Data from PrestaShop Addons is invalid, and cannot fallback on cache.  {"exception":"cURL error 28: Operation timed out after 5008 milliseconds with 104251741175808 bytes received"} []
[2018-05-16 23:28:41] security.DEBUG: Stored the security token in the session. {"key":"_security_main"} []
[2018-05-16 23:30:50] request.INFO: Matched route "admin_product_form". {"route_parameters":{"_controller":"PrestaShopBundle\\Controller\\Admin\\ProductController::formAction","_legacy_controller":"AdminProducts","_legacy_param_mapper_class":"PrestaShop\\PrestaShop\\Adapter\\Product\\AdminProductDataProvider","_legacy_param_mapper_method":"mapLegacyParametersProductForm","id":"21","_route":"admin_product_form"},"request_uri":"http://localhost/jms_goden/admin594vuqml0/index.php/product/form/21?_token=dWBo_x1euJ5jDBIMJFPIEPDpw6f7rjb6kyilXcXowMg"} []
[2018-05-16 23:30:50] security.DEBUG: Read existing security token from the session. {"key":"_security_main"} []
[2018-05-16 23:30:50] security.DEBUG: User was reloaded from a user provider. {"username":"admin@admin.com","provider":"PrestaShopBundle\\Security\\Admin\\EmployeeProvider"} []
[2018-05-16 23:30:56] app.ERROR: Data from PrestaShop Addons is invalid, and cannot fallback on cache.  {"exception":"cURL error 28: Operation timed out after 5007 milliseconds with 0 out of 0 bytes received"} []
[2018-05-16 23:30:56] security.DEBUG: Stored the security token in the session. {"key":"_security_main"} []
[2018-05-16 23:58:40] request.INFO: Matched route "admin_product_form". {"route_parameters":{"_controller":"PrestaShopBundle\\Controller\\Admin\\ProductController::formAction","_legacy_controller":"AdminProducts","_legacy_param_mapper_class":"PrestaShop\\PrestaShop\\Adapter\\Product\\AdminProductDataProvider","_legacy_param_mapper_method":"mapLegacyParametersProductForm","id":"1","_route":"admin_product_form"},"request_uri":"http://localhost/jms_goden/admin594vuqml0/index.php/product/form/1?_token=dWBo_x1euJ5jDBIMJFPIEPDpw6f7rjb6kyilXcXowMg"} []
[2018-05-16 23:58:40] security.DEBUG: Read existing security token from the session. {"key":"_security_main"} []
[2018-05-16 23:58:40] security.DEBUG: User was reloaded from a user provider. {"username":"admin@admin.com","provider":"PrestaShopBundle\\Security\\Admin\\EmployeeProvider"} []
[2018-05-16 23:58:46] app.ERROR: Data from PrestaShop Addons is invalid, and cannot fallback on cache.  {"exception":"cURL error 28: Operation timed out after 5008 milliseconds with 35841502085120 bytes received"} []
[2018-05-16 23:58:47] security.DEBUG: Stored the security token in the session. {"key":"_security_main"} []
[2018-05-16 23:59:05] request.INFO: Matched route "admin_product_form". {"route_parameters":{"_controller":"PrestaShopBundle\\Controller\\Admin\\ProductController::formAction","_legacy_controller":"AdminProducts","_legacy_param_mapper_class":"PrestaShop\\PrestaShop\\Adapter\\Product\\AdminProductDataProvider","_legacy_param_mapper_method":"mapLegacyParametersProductForm","id":"21","_route":"admin_product_form"},"request_uri":"http://localhost/jms_goden/admin594vuqml0/index.php/product/form/21?_token=dWBo_x1euJ5jDBIMJFPIEPDpw6f7rjb6kyilXcXowMg"} []
[2018-05-16 23:59:05] security.DEBUG: Read existing security token from the session. {"key":"_security_main"} []
[2018-05-16 23:59:05] security.DEBUG: User was reloaded from a user provider. {"username":"admin@admin.com","provider":"PrestaShopBundle\\Security\\Admin\\EmployeeProvider"} []
[2018-05-16 23:59:11] app.ERROR: Data from PrestaShop Addons is invalid, and cannot fallback on cache.  {"exception":"cURL error 28: Operation timed out after 5008 milliseconds with 1026840781127680 bytes received"} []
[2018-05-16 23:59:11] security.DEBUG: Stored the security token in the session. {"key":"_security_main"} []
[2018-05-16 23:59:23] request.INFO: Matched route "admin_product_form". {"route_parameters":{"_controller":"PrestaShopBundle\\Controller\\Admin\\ProductController::formAction","_legacy_controller":"AdminProducts","_legacy_param_mapper_class":"PrestaShop\\PrestaShop\\Adapter\\Product\\AdminProductDataProvider","_legacy_param_mapper_method":"mapLegacyParametersProductForm","id":"22","_route":"admin_product_form"},"request_uri":"http://localhost/jms_goden/admin594vuqml0/index.php/product/form/22?_token=dWBo_x1euJ5jDBIMJFPIEPDpw6f7rjb6kyilXcXowMg"} []
[2018-05-16 23:59:23] security.DEBUG: Read existing security token from the session. {"key":"_security_main"} []
[2018-05-16 23:59:23] security.DEBUG: User was reloaded from a user provider. {"username":"admin@admin.com","provider":"PrestaShopBundle\\Security\\Admin\\EmployeeProvider"} []
[2018-05-16 23:59:29] app.ERROR: Data from PrestaShop Addons is invalid, and cannot fallback on cache.  {"exception":"cURL error 28: Operation timed out after 5008 milliseconds with 700217108201472 bytes received"} []
[2018-05-16 23:59:29] security.DEBUG: Stored the security token in the session. {"key":"_security_main"} []
[2018-05-16 23:59:24] request.INFO: Matched route "admin_product_form". {"route_parameters":{"_controller":"PrestaShopBundle\\Controller\\Admin\\ProductController::formAction","_legacy_controller":"AdminProducts","_legacy_param_mapper_class":"PrestaShop\\PrestaShop\\Adapter\\Product\\AdminProductDataProvider","_legacy_param_mapper_method":"mapLegacyParametersProductForm","id":"23","_route":"admin_product_form"},"request_uri":"http://localhost/jms_goden/admin594vuqml0/index.php/product/form/23?_token=dWBo_x1euJ5jDBIMJFPIEPDpw6f7rjb6kyilXcXowMg"} []
[2018-05-16 23:59:29] security.DEBUG: Read existing security token from the session. {"key":"_security_main"} []
[2018-05-16 23:59:29] security.DEBUG: User was reloaded from a user provider. {"username":"admin@admin.com","provider":"PrestaShopBundle\\Security\\Admin\\EmployeeProvider"} []
[2018-05-16 23:59:35] app.ERROR: Data from PrestaShop Addons is invalid, and cannot fallback on cache.  {"exception":"cURL error 28: Operation timed out after 5008 milliseconds with 758147627089920 bytes received"} []
[2018-05-16 23:59:35] security.DEBUG: Stored the security token in the session. {"key":"_security_main"} []
[2018-05-16 23:59:25] request.INFO: Matched route "admin_product_form". {"route_parameters":{"_controller":"PrestaShopBundle\\Controller\\Admin\\ProductController::formAction","_legacy_controller":"AdminProducts","_legacy_param_mapper_class":"PrestaShop\\PrestaShop\\Adapter\\Product\\AdminProductDataProvider","_legacy_param_mapper_method":"mapLegacyParametersProductForm","id":"24","_route":"admin_product_form"},"request_uri":"http://localhost/jms_goden/admin594vuqml0/index.php/product/form/24?_token=dWBo_x1euJ5jDBIMJFPIEPDpw6f7rjb6kyilXcXowMg"} []
[2018-05-16 23:59:36] security.DEBUG: Read existing security token from the session. {"key":"_security_main"} []
[2018-05-16 23:59:36] security.DEBUG: User was reloaded from a user provider. {"username":"admin@admin.com","provider":"PrestaShopBundle\\Security\\Admin\\EmployeeProvider"} []
[2018-05-16 23:59:42] app.ERROR: Data from PrestaShop Addons is invalid, and cannot fallback on cache.  {"exception":"cURL error 28: Operation timed out after 5008 milliseconds with 904760630706176 bytes received"} []
[2018-05-16 23:59:42] security.DEBUG: Stored the security token in the session. {"key":"_security_main"} []
[2018-05-16 23:59:26] request.INFO: Matched route "admin_product_form". {"route_parameters":{"_controller":"PrestaShopBundle\\Controller\\Admin\\ProductController::formAction","_legacy_controller":"AdminProducts","_legacy_param_mapper_class":"PrestaShop\\PrestaShop\\Adapter\\Product\\AdminProductDataProvider","_legacy_param_mapper_method":"mapLegacyParametersProductForm","id":"25","_route":"admin_product_form"},"request_uri":"http://localhost/jms_goden/admin594vuqml0/index.php/product/form/25?_token=dWBo_x1euJ5jDBIMJFPIEPDpw6f7rjb6kyilXcXowMg"} []
[2018-05-16 23:59:42] security.DEBUG: Read existing security token from the session. {"key":"_security_main"} []
[2018-05-16 23:59:42] security.DEBUG: User was reloaded from a user provider. {"username":"admin@admin.com","provider":"PrestaShopBundle\\Security\\Admin\\EmployeeProvider"} []
[2018-05-16 23:59:48] app.ERROR: Data from PrestaShop Addons is invalid, and cannot fallback on cache.  {"exception":"cURL error 28: Operation timed out after 5008 milliseconds with 598752800800768 bytes received"} []
[2018-05-16 23:59:48] security.DEBUG: Stored the security token in the session. {"key":"_security_main"} []
[2018-05-16 23:59:27] request.INFO: Matched route "admin_product_form". {"route_parameters":{"_controller":"PrestaShopBundle\\Controller\\Admin\\ProductController::formAction","_legacy_controller":"AdminProducts","_legacy_param_mapper_class":"PrestaShop\\PrestaShop\\Adapter\\Product\\AdminProductDataProvider","_legacy_param_mapper_method":"mapLegacyParametersProductForm","id":"26","_route":"admin_product_form"},"request_uri":"http://localhost/jms_goden/admin594vuqml0/index.php/product/form/26?_token=dWBo_x1euJ5jDBIMJFPIEPDpw6f7rjb6kyilXcXowMg"} []
[2018-05-16 23:59:48] security.DEBUG: Read existing security token from the session. {"key":"_security_main"} []
[2018-05-16 23:59:48] security.DEBUG: User was reloaded from a user provider. {"username":"admin@admin.com","provider":"PrestaShopBundle\\Security\\Admin\\EmployeeProvider"} []
[2018-05-16 23:59:54] app.ERROR: Data from PrestaShop Addons is invalid, and cannot fallback on cache.  {"exception":"cURL error 28: Operation timed out after 5008 milliseconds with 553299161907200 bytes received"} []
[2018-05-16 23:59:54] security.DEBUG: Stored the security token in the session. {"key":"_security_main"} []
[2018-05-16 23:59:28] request.INFO: Matched route "admin_product_form". {"route_parameters":{"_controller":"PrestaShopBundle\\Controller\\Admin\\ProductController::formAction","_legacy_controller":"AdminProducts","_legacy_param_mapper_class":"PrestaShop\\PrestaShop\\Adapter\\Product\\AdminProductDataProvider","_legacy_param_mapper_method":"mapLegacyParametersProductForm","id":"27","_route":"admin_product_form"},"request_uri":"http://localhost/jms_goden/admin594vuqml0/index.php/product/form/27?_token=dWBo_x1euJ5jDBIMJFPIEPDpw6f7rjb6kyilXcXowMg"} []
[2018-05-16 23:59:54] security.DEBUG: Read existing security token from the session. {"key":"_security_main"} []
[2018-05-16 23:59:54] security.DEBUG: User was reloaded from a user provider. {"username":"admin@admin.com","provider":"PrestaShopBundle\\Security\\Admin\\EmployeeProvider"} []
[2018-05-17 00:00:00] app.ERROR: Data from PrestaShop Addons is invalid, and cannot fallback on cache.  {"exception":"cURL error 28: Operation timed out after 5007 milliseconds with 700217108201472 bytes received"} []
[2018-05-17 00:00:00] security.DEBUG: Stored the security token in the session. {"key":"_security_main"} []
[2018-05-16 23:59:30] request.INFO: Matched route "admin_product_form". {"route_parameters":{"_controller":"PrestaShopBundle\\Controller\\Admin\\ProductController::formAction","_legacy_controller":"AdminProducts","_legacy_param_mapper_class":"PrestaShop\\PrestaShop\\Adapter\\Product\\AdminProductDataProvider","_legacy_param_mapper_method":"mapLegacyParametersProductForm","id":"28","_route":"admin_product_form"},"request_uri":"http://localhost/jms_goden/admin594vuqml0/index.php/product/form/28?_token=dWBo_x1euJ5jDBIMJFPIEPDpw6f7rjb6kyilXcXowMg"} []
[2018-05-17 00:00:00] security.DEBUG: Read existing security token from the session. {"key":"_security_main"} []
[2018-05-17 00:00:00] security.DEBUG: User was reloaded from a user provider. {"username":"admin@admin.com","provider":"PrestaShopBundle\\Security\\Admin\\EmployeeProvider"} []
[2018-05-17 00:00:06] app.ERROR: Data from PrestaShop Addons is invalid, and cannot fallback on cache.  {"exception":"cURL error 28: Operation timed out after 5007 milliseconds with 898541518061568 bytes received"} []
[2018-05-17 00:00:06] security.DEBUG: Stored the security token in the session. {"key":"_security_main"} []
[2018-05-16 23:59:31] request.INFO: Matched route "admin_product_form". {"route_parameters":{"_controller":"PrestaShopBundle\\Controller\\Admin\\ProductController::formAction","_legacy_controller":"AdminProducts","_legacy_param_mapper_class":"PrestaShop\\PrestaShop\\Adapter\\Product\\AdminProductDataProvider","_legacy_param_mapper_method":"mapLegacyParametersProductForm","id":"29","_route":"admin_product_form"},"request_uri":"http://localhost/jms_goden/admin594vuqml0/index.php/product/form/29?_token=dWBo_x1euJ5jDBIMJFPIEPDpw6f7rjb6kyilXcXowMg"} []
[2018-05-17 00:00:06] security.DEBUG: Read existing security token from the session. {"key":"_security_main"} []
[2018-05-17 00:00:06] security.DEBUG: User was reloaded from a user provider. {"username":"admin@admin.com","provider":"PrestaShopBundle\\Security\\Admin\\EmployeeProvider"} []
[2018-05-17 00:00:12] app.ERROR: Data from PrestaShop Addons is invalid, and cannot fallback on cache.  {"exception":"cURL error 28: Operation timed out after 5007 milliseconds with 425343496224768 bytes received"} []
[2018-05-17 00:00:12] security.DEBUG: Stored the security token in the session. {"key":"_security_main"} []
[2018-05-16 23:59:44] request.INFO: Matched route "admin_product_form". {"route_parameters":{"_controller":"PrestaShopBundle\\Controller\\Admin\\ProductController::formAction","_legacy_controller":"AdminProducts","_legacy_param_mapper_class":"PrestaShop\\PrestaShop\\Adapter\\Product\\AdminProductDataProvider","_legacy_param_mapper_method":"mapLegacyParametersProductForm","id":"34","_route":"admin_product_form"},"request_uri":"http://localhost/jms_goden/admin594vuqml0/index.php/product/form/34?_token=dWBo_x1euJ5jDBIMJFPIEPDpw6f7rjb6kyilXcXowMg"} []
[2018-05-17 00:00:13] security.DEBUG: Read existing security token from the session. {"key":"_security_main"} []
[2018-05-17 00:00:13] security.DEBUG: User was reloaded from a user provider. {"username":"admin@admin.com","provider":"PrestaShopBundle\\Security\\Admin\\EmployeeProvider"} []
[2018-05-17 00:00:18] app.ERROR: Data from PrestaShop Addons is invalid, and cannot fallback on cache.  {"exception":"cURL error 28: Operation timed out after 5008 milliseconds with 425343496224768 bytes received"} []
[2018-05-17 00:00:18] security.DEBUG: Stored the security token in the session. {"key":"_security_main"} []
[2018-05-16 23:59:45] request.INFO: Matched route "admin_product_form". {"route_parameters":{"_controller":"PrestaShopBundle\\Controller\\Admin\\ProductController::formAction","_legacy_controller":"AdminProducts","_legacy_param_mapper_class":"PrestaShop\\PrestaShop\\Adapter\\Product\\AdminProductDataProvider","_legacy_param_mapper_method":"mapLegacyParametersProductForm","id":"35","_route":"admin_product_form"},"request_uri":"http://localhost/jms_goden/admin594vuqml0/index.php/product/form/35?_token=dWBo_x1euJ5jDBIMJFPIEPDpw6f7rjb6kyilXcXowMg"} []
[2018-05-17 00:00:18] security.DEBUG: Read existing security token from the session. {"key":"_security_main"} []
[2018-05-17 00:00:18] security.DEBUG: User was reloaded from a user provider. {"username":"admin@admin.com","provider":"PrestaShopBundle\\Security\\Admin\\EmployeeProvider"} []
[2018-05-17 00:00:25] app.ERROR: Data from PrestaShop Addons is invalid, and cannot fallback on cache.  {"exception":"cURL error 28: Operation timed out after 5008 milliseconds with 501931353047040 bytes received"} []
[2018-05-17 00:00:25] security.DEBUG: Stored the security token in the session. {"key":"_security_main"} []
[2018-05-16 23:59:47] request.INFO: Matched route "admin_product_form". {"route_parameters":{"_controller":"PrestaShopBundle\\Controller\\Admin\\ProductController::formAction","_legacy_controller":"AdminProducts","_legacy_param_mapper_class":"PrestaShop\\PrestaShop\\Adapter\\Product\\AdminProductDataProvider","_legacy_param_mapper_method":"mapLegacyParametersProductForm","id":"36","_route":"admin_product_form"},"request_uri":"http://localhost/jms_goden/admin594vuqml0/index.php/product/form/36?_token=dWBo_x1euJ5jDBIMJFPIEPDpw6f7rjb6kyilXcXowMg"} []
[2018-05-17 00:00:25] security.DEBUG: Read existing security token from the session. {"key":"_security_main"} []
[2018-05-17 00:00:25] security.DEBUG: User was reloaded from a user provider. {"username":"admin@admin.com","provider":"PrestaShopBundle\\Security\\Admin\\EmployeeProvider"} []
[2018-05-17 00:00:31] app.ERROR: Data from PrestaShop Addons is invalid, and cannot fallback on cache.  {"exception":"cURL error 28: Operation timed out after 5008 milliseconds with 437781721513984 bytes received"} []
[2018-05-17 00:00:31] security.DEBUG: Stored the security token in the session. {"key":"_security_main"} []
[2018-05-16 23:59:48] request.INFO: Matched route "admin_product_form". {"route_parameters":{"_controller":"PrestaShopBundle\\Controller\\Admin\\ProductController::formAction","_legacy_controller":"AdminProducts","_legacy_param_mapper_class":"PrestaShop\\PrestaShop\\Adapter\\Product\\AdminProductDataProvider","_legacy_param_mapper_method":"mapLegacyParametersProductForm","id":"37","_route":"admin_product_form"},"request_uri":"http://localhost/jms_goden/admin594vuqml0/index.php/product/form/37?_token=dWBo_x1euJ5jDBIMJFPIEPDpw6f7rjb6kyilXcXowMg"} []
[2018-05-17 00:00:31] security.DEBUG: Read existing security token from the session. {"key":"_security_main"} []
[2018-05-17 00:00:31] security.DEBUG: User was reloaded from a user provider. {"username":"admin@admin.com","provider":"PrestaShopBundle\\Security\\Admin\\EmployeeProvider"} []
[2018-05-17 00:00:36] app.ERROR: Data from PrestaShop Addons is invalid, and cannot fallback on cache.  {"exception":"cURL error 28: Operation timed out after 5008 milliseconds with 770585852379136 bytes received"} []
[2018-05-17 00:00:37] security.DEBUG: Stored the security token in the session. {"key":"_security_main"} []
[2018-05-16 23:59:54] request.INFO: Matched route "admin_product_form". {"route_parameters":{"_controller":"PrestaShopBundle\\Controller\\Admin\\ProductController::formAction","_legacy_controller":"AdminProducts","_legacy_param_mapper_class":"PrestaShop\\PrestaShop\\Adapter\\Product\\AdminProductDataProvider","_legacy_param_mapper_method":"mapLegacyParametersProductForm","id":"38","_route":"admin_product_form"},"request_uri":"http://localhost/jms_goden/admin594vuqml0/index.php/product/form/38?_token=dWBo_x1euJ5jDBIMJFPIEPDpw6f7rjb6kyilXcXowMg"} []
[2018-05-17 00:00:37] security.DEBUG: Read existing security token from the session. {"key":"_security_main"} []
[2018-05-17 00:00:37] security.DEBUG: User was reloaded from a user provider. {"username":"admin@admin.com","provider":"PrestaShopBundle\\Security\\Admin\\EmployeeProvider"} []
[2018-05-17 00:00:42] app.ERROR: Data from PrestaShop Addons is invalid, and cannot fallback on cache.  {"exception":"cURL error 28: Operation timed out after 5008 milliseconds with 629848364023808 bytes received"} []
[2018-05-17 00:00:43] security.DEBUG: Stored the security token in the session. {"key":"_security_main"} []
[2018-05-17 00:00:00] request.INFO: Matched route "admin_product_form". {"route_parameters":{"_controller":"PrestaShopBundle\\Controller\\Admin\\ProductController::formAction","_legacy_controller":"AdminProducts","_legacy_param_mapper_class":"PrestaShop\\PrestaShop\\Adapter\\Product\\AdminProductDataProvider","_legacy_param_mapper_method":"mapLegacyParametersProductForm","id":"39","_route":"admin_product_form"},"request_uri":"http://localhost/jms_goden/admin594vuqml0/index.php/product/form/39?_token=dWBo_x1euJ5jDBIMJFPIEPDpw6f7rjb6kyilXcXowMg"} []
[2018-05-17 00:00:43] security.DEBUG: Read existing security token from the session. {"key":"_security_main"} []
[2018-05-17 00:00:43] security.DEBUG: User was reloaded from a user provider. {"username":"admin@admin.com","provider":"PrestaShopBundle\\Security\\Admin\\EmployeeProvider"} []
[2018-05-17 00:00:48] app.ERROR: Data from PrestaShop Addons is invalid, and cannot fallback on cache.  {"exception":"cURL error 28: Operation timed out after 5008 milliseconds with 272167782580224 bytes received"} []
[2018-05-17 00:00:49] security.DEBUG: Stored the security token in the session. {"key":"_security_main"} []
[2018-05-17 00:00:13] request.INFO: Matched route "admin_product_form". {"route_parameters":{"_controller":"PrestaShopBundle\\Controller\\Admin\\ProductController::formAction","_legacy_controller":"AdminProducts","_legacy_param_mapper_class":"PrestaShop\\PrestaShop\\Adapter\\Product\\AdminProductDataProvider","_legacy_param_mapper_method":"mapLegacyParametersProductForm","id":"40","_route":"admin_product_form"},"request_uri":"http://localhost/jms_goden/admin594vuqml0/index.php/product/form/40?_token=dWBo_x1euJ5jDBIMJFPIEPDpw6f7rjb6kyilXcXowMg"} []
[2018-05-17 00:00:49] security.DEBUG: Read existing security token from the session. {"key":"_security_main"} []
[2018-05-17 00:00:49] security.DEBUG: User was reloaded from a user provider. {"username":"admin@admin.com","provider":"PrestaShopBundle\\Security\\Admin\\EmployeeProvider"} []
[2018-05-17 00:00:55] app.ERROR: Data from PrestaShop Addons is invalid, and cannot fallback on cache.  {"exception":"cURL error 28: Operation timed out after 5008 milliseconds with 1179672897388544 bytes received"} []
[2018-05-17 00:00:55] security.DEBUG: Stored the security token in the session. {"key":"_security_main"} []
[2018-05-17 00:00:13] request.INFO: Matched route "admin_product_form". {"route_parameters":{"_controller":"PrestaShopBundle\\Controller\\Admin\\ProductController::formAction","_legacy_controller":"AdminProducts","_legacy_param_mapper_class":"PrestaShop\\PrestaShop\\Adapter\\Product\\AdminProductDataProvider","_legacy_param_mapper_method":"mapLegacyParametersProductForm","id":"41","_route":"admin_product_form"},"request_uri":"http://localhost/jms_goden/admin594vuqml0/index.php/product/form/41?_token=dWBo_x1euJ5jDBIMJFPIEPDpw6f7rjb6kyilXcXowMg"} []
[2018-05-17 00:00:55] security.DEBUG: Read existing security token from the session. {"key":"_security_main"} []
[2018-05-17 00:00:55] security.DEBUG: User was reloaded from a user provider. {"username":"admin@admin.com","provider":"PrestaShopBundle\\Security\\Admin\\EmployeeProvider"} []
[2018-05-17 00:01:01] app.ERROR: Data from PrestaShop Addons is invalid, and cannot fallback on cache.  {"exception":"cURL error 28: Operation timed out after 5008 milliseconds with 309482458447872 bytes received"} []
[2018-05-17 00:01:01] security.DEBUG: Stored the security token in the session. {"key":"_security_main"} []
[2018-05-17 03:51:26] request.INFO: Matched route "admin_module_catalog". {"route_parameters":{"_controller":"PrestaShopBundle\\Controller\\Admin\\ModuleController::catalogAction","_legacy_controller":"AdminModules","_route":"admin_module_catalog"},"request_uri":"http://localhost/jms_goden/admin594vuqml0/index.php/module/catalog?_token=dWBo_x1euJ5jDBIMJFPIEPDpw6f7rjb6kyilXcXowMg"} []
[2018-05-17 03:51:26] security.DEBUG: Read existing security token from the session. {"key":"_security_main"} []
[2018-05-17 03:51:26] security.DEBUG: User was reloaded from a user provider. {"username":"admin@admin.com","provider":"PrestaShopBundle\\Security\\Admin\\EmployeeProvider"} []
[2018-05-17 03:51:26] app.ERROR: Data from PrestaShop Addons is invalid, and cannot fallback on cache.  {"exception":"cURL error 6: Could not resolve host: api-addons.prestashop.com"} []
[2018-05-17 03:51:30] security.DEBUG: Stored the security token in the session. {"key":"_security_main"} []
